Arguments: 
  D:\Software\nodejs\node.exe D:\Software\yarn\bin\yarn.js init

PATH: 
  D:\Software\cmder\vendor\git-for-windows\mingw64\bin;D:\Software\cmder\vendor\git-for-windows\usr\bin;C:\Users\99137\bin;C:\Windows\system32;C:\Windows;C:\Windows\System32\Wbem;C:\Windows\System32\WindowsPowerShell\v1.0;C:\Windows\System32\OpenSSH;D:\mySQL\mysql-5.7.29-winx64\bin;D:\Software\nodejs;D:\Software\yarn\bin;C:\Users\99137\AppData\Local\Programs\Python\Python38-32\Scripts;C:\Users\99137\AppData\Local\Programs\Python\Python38-32;C:\Users\99137\AppData\Local\Programs\Python\Launcher;C:\Users\99137\AppData\Local\Microsoft\WindowsApps;C:\Users\99137\AppData\Local\Programs\Microsoft VS Code\bin;C:\Users\99137\AppData\Roaming\npm;C:\Users\99137\AppData\Local\Yarn\bin

Yarn version: 
  1.22.4

Node version: 
  12.18.3

Platform: 
  win32 x64

Trace: 
  Error: canceled
      at Interface.<anonymous> (D:\Software\yarn\lib\cli.js:137008:13)
      at Interface.emit (events.js:315:20)
      at Interface._ttyWrite (readline.js:868:16)
      at ReadStream.onkeypress (readline.js:205:10)
      at ReadStream.emit (events.js:315:20)
      at emitKeys (internal/readline/utils.js:335:14)
      at emitKeys.next (<anonymous>)
      at ReadStream.onData (readline.js:1137:36)
      at ReadStream.emit (events.js:315:20)
      at addChunk (_stream_readable.js:295:12)

npm manifest: 
  No manifest

yarn manifest: 
  No manifest

Lockfile: 
  No lockfile
